==================== 2026-03-19T14:44:13.311698Z | 9c19eeda-b252-49cc-ade4-6bf0e6f8132f ====================
14:44:13.312069 [info ]: Starting dbt LSP server
14:44:13.312190 [info ]: Connecting to LSP client on port 8000
14:44:13.312502 [info ]: Successfully connected to LSP client
14:44:13.312514 [info ]: Creating LSP service...
14:44:13.361841 [info ]: Creating LSP server...
14:44:13.361862 [info ]: Starting LSP server...
14:44:13.381209 [info ]: Loading profiles.yml
14:44:13.398376 [info ]: Started loading project
14:44:13.398657 [info ]: Loading profiles.yml
14:44:13.399238 [info ]: Finished loading project [  0.00s]
14:44:13.729184 [info ]: Loading profiles.yml
14:44:14.307188 [info ]: Loading profiles.yml
14:44:42.071441 [info ]: Loading profiles.yml
14:45:03.876823 [info ]: Loading profiles.yml
14:45:10.655241 [info ]: Loading profiles.yml
14:45:20.669910 [info ]: Loading profiles.yml
14:45:27.369882 [info ]: Loading profiles.yml
14:45:36.517462 [info ]: Loading profiles.yml
14:45:45.245590 [info ]: Loading profiles.yml
14:45:50.556270 [info ]: Loading profiles.yml
14:45:59.039885 [info ]: Loading profiles.yml
14:46:08.177816 [info ]: Loading profiles.yml
14:46:15.520497 [info ]: Loading profiles.yml
14:46:22.664846 [info ]: Loading profiles.yml
14:46:33.253833 [info ]: Loading profiles.yml
14:46:53.632432 [info ]: Loading profiles.yml
14:47:13.390210 [info ]: Loading profiles.yml
14:47:16.277809 [info ]: Loading profiles.yml
14:47:19.140674 [info ]: Loading profiles.yml
14:47:22.044826 [info ]: Loading profiles.yml
14:47:25.791979 [info ]: Loading profiles.yml
14:47:29.755910 [info ]: Loading profiles.yml
14:47:34.239477 [info ]: Loading profiles.yml
14:47:52.074311 [info ]: Loading profiles.yml
14:51:43.609093 [info ]: Loading profiles.yml
14:51:58.686662 [info ]: Loading profiles.yml
14:57:58.913994 [info ]: Loading profiles.yml
15:05:55.735952 [info ]: Loading profiles.yml
15:06:22.929336 [info ]: Loading profiles.yml
15:06:26.427624 [info ]: Loading profiles.yml
15:07:45.554243 [info ]: Loading profiles.yml
15:07:50.263822 [info ]: Loading profiles.yml
15:15:27.870992 [info ]: Loading profiles.yml
15:15:52.101701 [info ]: Loading profiles.yml
15:16:33.841491 [info ]: Loading profiles.yml
15:16:41.312907 [info ]: Loading profiles.yml
15:16:47.607132 [info ]: Loading profiles.yml
15:16:52.851647 [info ]: Loading profiles.yml
15:16:59.864561 [info ]: Loading profiles.yml
15:26:28.971925 [info ]: Loading profiles.yml
15:26:40.716082 [info ]: Loading profiles.yml
15:27:27.836152 [info ]: Loading profiles.yml
15:27:29.625393 [info ]: Loading profiles.yml
15:28:22.156531 [info ]: Loading profiles.yml
15:28:22.169905 [info ]: Started loading project
15:28:22.170158 [info ]: Loading profiles.yml
15:28:22.170501 [info ]: Finished loading project [  0.00s]
15:28:22.499029 [info ]: Loading profiles.yml
15:28:23.069564 [info ]: Loading profiles.yml
15:28:25.121852 [info ]: Loading profiles.yml
15:28:25.704423 [info ]: Loading profiles.yml
15:28:27.110624 [info ]: Loading profiles.yml
15:28:27.117684 [info ]: Started loading project
15:28:27.117835 [info ]: Loading profiles.yml
15:28:27.118037 [info ]: Finished loading project [  0.00s]
15:28:27.443117 [info ]: Loading profiles.yml
15:28:28.014096 [info ]: Loading profiles.yml
15:28:31.498461 [info ]: Loading profiles.yml
15:28:31.505512 [info ]: Started loading project
15:28:31.505715 [info ]: Loading profiles.yml
15:28:31.505921 [info ]: Finished loading project [  0.00s]
15:28:31.832051 [info ]: Loading profiles.yml
15:28:32.401923 [info ]: Loading profiles.yml
15:29:09.774007 [info ]: Loading profiles.yml
15:29:16.805327 [info ]: Loading profiles.yml
15:29:16.829010 [info ]: Loading profiles.yml
